<?xml version="1.0" encoding="UTF-8"?>
<!-- Generated by org.testng.reporters.JUnitXMLReporter -->
<testsuite hostname="RSI1548" ignored="0" name="Automacao utilizando TDD" tests="6" failures="0" timestamp="2020-01-27T23:24:12 BRT" time="91.605" errors="0">
  <testcase name="deveCadastrarUmUsuarioComSucesso" time="9.855" classname="br.com.rsinet.hub_tdd.testesPositivos.CenarioDeCadastroComSucesso"/>
  <testcase name="deveCadastrarUmUsuarioComErro" time="8.137" classname="br.com.rsinet.hub_tdd.testesNegativos.CenarioDeCadastroComErro"/>
  <testcase name="BuscandoTeste" time="8.245" classname="br.com.rsinet.hub_tdd.testesPositivos.CenarioDeBuscaPelaTelaInicialComSucesso"/>
  <testcase name="BuscandoTeste" time="9.387" classname="br.com.rsinet.hub_tdd.testesNegativos.CenarioDeBuscaPelaTelaInicialComErro"/>
  <testcase name="deveBuscarUmProdutoPelaLupa" time="7.937" classname="br.com.rsinet.hub_tdd.testesPositivos.CenarioDeBuscaDeProdutoPelaLupaComSucesso"/>
  <testcase name="deveBuscarUmProdutoPelaLupa" time="5.042" classname="br.com.rsinet.hub_tdd.testesNegativos.CenarioDeBuscaDeProdutoPelaLupaComErro"/>
</testsuite> <!-- Automacao utilizando TDD -->
