<?xml version="1.0" encoding="UTF-8"?>
<testng-results skipped="0" failed="0" ignored="0" total="1" passed="1">
  <reporter-output>
  </reporter-output>
  <suite name="Default suite" duration-ms="18311" started-at="2020-01-24T19:41:30 BRT" finished-at="2020-01-24T19:41:48 BRT">
    <groups>
    </groups>
    <test name="Default test" duration-ms="18311" started-at="2020-01-24T19:41:30 BRT" finished-at="2020-01-24T19:41:48 BRT">
      <class name="br.com.rsinet.hub_tdd.testesPositivos.CenarioDeBuscaDeProdutoPelaLupaComSucesso">
        <test-method status="PASS" signature="beforeMethod()[pri:0, instance:br.com.rsinet.hub_tdd.testesPositivos.CenarioDeBuscaDeProdutoPelaLupaComSucesso@76707e36]" name="beforeMethod" is-config="true" duration-ms="8382" started-at="2020-01-24T19:41:30 BRT" finished-at="2020-01-24T19:41:38 BRT">
          <reporter-output>
          </reporter-output>
        </test-method> <!-- beforeMethod -->
        <test-method status="PASS" signature="deveBuscarUmProdutoPelaLupa()[pri:0, instance:br.com.rsinet.hub_tdd.testesPositivos.CenarioDeBuscaDeProdutoPelaLupaComSucesso@76707e36]" name="deveBuscarUmProdutoPelaLupa" duration-ms="8289" started-at="2020-01-24T19:41:38 BRT" finished-at="2020-01-24T19:41:46 BRT">
          <reporter-output>
          </reporter-output>
        </test-method> <!-- deveBuscarUmProdutoPelaLupa -->
        <test-method status="PASS" signature="afterMethod(org.testng.ITestResult)[pri:0, instance:br.com.rsinet.hub_tdd.testesPositivos.CenarioDeBuscaDeProdutoPelaLupaComSucesso@76707e36]" name="afterMethod" is-config="true" duration-ms="1592" started-at="2020-01-24T19:41:46 BRT" finished-at="2020-01-24T19:41:48 BRT">
          <params>
            <param index="0">
              <value>
                <![CDATA[[TestResult name=deveBuscarUmProdutoPelaLupa status=SUCCESS method=CenarioDeBuscaDeProdutoPelaLupaComSucesso.deveBuscarUmProdutoPelaLupa()[pri:0, instance:br.com.rsinet.hub_tdd.testesPositivos.CenarioDeBuscaDeProdutoPelaLupaComSucesso@76707e36] output={null}]]]>
              </value>
            </param>
          </params>
          <reporter-output>
          </reporter-output>
        </test-method> <!-- afterMethod -->
      </class> <!-- br.com.rsinet.hub_tdd.testesPositivos.CenarioDeBuscaDeProdutoPelaLupaComSucesso -->
    </test> <!-- Default test -->
  </suite> <!-- Default suite -->
</testng-results>
